<?xml version="1.0" encoding="UTF-8"?>
<!-- Generated by org.testng.reporters.JUnitXMLReporter -->
<testsuite hostname="DESKTOP-JGEHULB" ignored="2" name="Default test" tests="1" failures="0" timestamp="2020-06-08T00:25:08 IST" time="54.12" errors="0">
  <testcase name="test2" time="45.36" classname="Topgear.com.selenium.L1.Assignment"/>
  <testcase name="test3" time="0.0" classname="Topgear.com.selenium.L1.Assignment">
    <ignored/>
  </testcase> <!-- test3 -->
  <testcase name="test1" time="0.0" classname="Topgear.com.selenium.L1.Assignment">
    <ignored/>
  </testcase> <!-- test1 -->
</testsuite> <!-- Default test -->
