<?xml version="1.0" encoding="UTF-8"?>
<testng-results skipped="0" failed="0" ignored="2" total="3" passed="1">
  <reporter-output>
  </reporter-output>
  <suite name="Default suite" duration-ms="54120" started-at="2020-06-08T00:24:14 IST" finished-at="2020-06-08T00:25:08 IST">
    <groups>
    </groups>
    <test name="Default test" duration-ms="54120" started-at="2020-06-08T00:24:14 IST" finished-at="2020-06-08T00:25:08 IST">
      <class name="Topgear.com.selenium.L1.Assignment">
        <test-method status="PASS" signature="setUpMethod()[pri:0, instance:Topgear.com.selenium.L1.Assignment@7770f470]" name="setUpMethod" is-config="true" duration-ms="8368" started-at="2020-06-08T00:24:14 IST" finished-at="2020-06-08T00:24:22 IST">
          <reporter-output>
          </reporter-output>
        </test-method> <!-- setUpMethod -->
        <test-method status="PASS" signature="test2()[pri:0, instance:Topgear.com.selenium.L1.Assignment@7770f470]" name="test2" duration-ms="45360" started-at="2020-06-08T00:24:22 IST" finished-at="2020-06-08T00:25:08 IST">
          <reporter-output>
          </reporter-output>
        </test-method> <!-- test2 -->
        <test-method status="PASS" signature="tearDownMethod()[pri:0, instance:Topgear.com.selenium.L1.Assignment@7770f470]" name="tearDownMethod" is-config="true" duration-ms="307" started-at="2020-06-08T00:25:08 IST" finished-at="2020-06-08T00:25:08 IST">
          <reporter-output>
          </reporter-output>
        </test-method> <!-- tearDownMethod -->
      </class> <!-- Topgear.com.selenium.L1.Assignment -->
    </test> <!-- Default test -->
  </suite> <!-- Default suite -->
</testng-results>
